<?xml version="1.0" encoding="UTF-8" ?>
<testsuite errors="0" failures="1" hostname="precise64" name="com.tw.biblioteca.ApplicationTest" tests="1" time="0.942" timestamp="2015-09-14T11:28:32">
  <properties>
    <property name="ant.project.invoked-targets" value="coverage" />
    <property name="java.runtime.name" value="OpenJDK Runtime Environment" />
    <property name="project.name" value="BibliotecaVersion1" />
    <property name="sun.boot.library.path" value="/usr/lib/jvm/java-7-openjdk-amd64/jre/lib/amd64" />
    <property name="java.vm.version" value="24.79-b02" />
    <property name="ant.library.dir" value="/usr/share/ant/lib" />
    <property name="ant.version" value="Apache Ant(TM) version 1.8.2 compiled on December 3 2011" />
    <property name="ant.java.version" value="1.7" />
    <property name="java.vm.vendor" value="Oracle Corporation" />
    <property name="java.vendor.url" value="http://java.oracle.com/" />
    <property name="path.separator" value=":" />
    <property name="java.vm.name" value="OpenJDK 64-Bit Server VM" />
    <property name="file.encoding.pkg" value="sun.io" />
    <property name="user.country" value="US" />
    <property name="sun.java.launcher" value="SUN_STANDARD" />
    <property name="sun.os.patch.level" value="unknown" />
    <property name="java.vm.specification.name" value="Java Virtual Machine Specification" />
    <property name="user.dir" value="/vagrant/IdeaProjects/BibliotecaVersion1" />
    <property name="java.runtime.version" value="1.7.0_79-b14" />
    <property name="java.awt.graphicsenv" value="sun.awt.X11GraphicsEnvironment" />
    <property name="basedir" value="/vagrant/IdeaProjects/BibliotecaVersion1" />
    <property name="java.endorsed.dirs" value="/usr/lib/jvm/java-7-openjdk-amd64/jre/lib/endorsed" />
    <property name="os.arch" value="amd64" />
    <property name="ant.project.default-target" value="coverage" />
    <property name="java.io.tmpdir" value="/tmp" />
    <property name="ant.core.lib" value="/usr/share/ant/lib/ant.jar" />
    <property name="line.separator" value="&#xa;" />
    <property name="java.vm.specification.vendor" value="Oracle Corporation" />
    <property name="os.name" value="Linux" />
    <property name="ant.home" value="/usr/share/ant" />
    <property name="ant.project.name" value="Biblioteca" />
    <property name="sun.jnu.encoding" value="ISO-8859-1" />
    <property name="java.library.path" value="/usr/java/packages/lib/amd64:/usr/lib/x86_64-linux-gnu/jni:/lib/x86_64-linux-gnu:/usr/lib/x86_64-linux-gnu:/usr/lib/jni:/lib:/usr/lib" />
    <property name="ant.file.type.Biblioteca" value="file" />
    <property name="java.class.version" value="51.0" />
    <property name="java.specification.name" value="Java Platform API Specification" />
    <property name="sun.management.compiler" value="HotSpot 64-Bit Tiered Compilers" />
    <property name="os.version" value="3.2.0-23-generic" />
    <property name="package.name" value="com.tw.biblioteca" />
    <property name="ant.file" value="/vagrant/IdeaProjects/BibliotecaVersion1/build.xml" />
    <property name="user.home" value="/home/vagrant" />
    <property name="user.timezone" value="" />
    <property name="java.awt.printerjob" value="sun.print.PSPrinterJob" />
    <property name="file.encoding" value="ISO-8859-1" />
    <property name="java.specification.version" value="1.7" />
    <property name="user.name" value="vagrant" />
    <property name="java.class.path" value="/vagrant/IdeaProjects/BibliotecaVersion1/instrumented:/vagrant/IdeaProjects/BibliotecaVersion1/lib/junit-4.11.jar:/vagrant/IdeaProjects/BibliotecaVersion1/lib/hamcrest-core-1.3.jar:/vagrant/IdeaProjects/BibliotecaVersion1/lib/mockito-all-1.9.5.jar:/vagrant/IdeaProjects/BibliotecaVersion1/lib/system-rules-1.12.0-javadoc.jar:/vagrant/IdeaProjects/BibliotecaVersion1/lib/system-rules-1.12.0-sources.jar:/vagrant/IdeaProjects/BibliotecaVersion1/lib/system-rules-1.12.0.jar:/vagrant/IdeaProjects/BibliotecaVersion1/out:/vagrant/IdeaProjects/BibliotecaVersion1/lib/cobertura-2.1.1/cobertura-2.1.1-javadoc.jar:/vagrant/IdeaProjects/BibliotecaVersion1/lib/cobertura-2.1.1/cobertura-2.1.1-sources.jar:/vagrant/IdeaProjects/BibliotecaVersion1/lib/cobertura-2.1.1/cobertura-2.1.1.jar:/vagrant/IdeaProjects/BibliotecaVersion1/lib/cobertura-2.1.1/lib/asm-5.0.1.jar:/vagrant/IdeaProjects/BibliotecaVersion1/lib/cobertura-2.1.1/lib/asm-analysis-5.0.1.jar:/vagrant/IdeaProjects/BibliotecaVersion1/lib/cobertura-2.1.1/lib/asm-commons-5.0.1.jar:/vagrant/IdeaProjects/BibliotecaVersion1/lib/cobertura-2.1.1/lib/asm-tree-5.0.1.jar:/vagrant/IdeaProjects/BibliotecaVersion1/lib/cobertura-2.1.1/lib/asm-util-5.0.1.jar:/vagrant/IdeaProjects/BibliotecaVersion1/lib/cobertura-2.1.1/lib/commons-lang3-3.3.2.jar:/vagrant/IdeaProjects/BibliotecaVersion1/lib/cobertura-2.1.1/lib/hamcrest-core-1.3.jar:/vagrant/IdeaProjects/BibliotecaVersion1/lib/cobertura-2.1.1/lib/jaxen-1.1.4.jar:/vagrant/IdeaProjects/BibliotecaVersion1/lib/cobertura-2.1.1/lib/jetty-6.1.14.jar:/vagrant/IdeaProjects/BibliotecaVersion1/lib/cobertura-2.1.1/lib/jetty-util-6.1.14.jar:/vagrant/IdeaProjects/BibliotecaVersion1/lib/cobertura-2.1.1/lib/junit-4.11.jar:/vagrant/IdeaProjects/BibliotecaVersion1/lib/cobertura-2.1.1/lib/logback-classic-1.0.13.jar:/vagrant/IdeaProjects/BibliotecaVersion1/lib/cobertura-2.1.1/lib/logback-core-1.0.13.jar:/vagrant/IdeaProjects/BibliotecaVersion1/lib/cobertura-2.1.1/lib/oro-2.0.8.jar:/vagrant/IdeaProjects/BibliotecaVersion1/lib/cobertura-2.1.1/lib/servlet-api-2.5-6.1.14.jar:/vagrant/IdeaProjects/BibliotecaVersion1/lib/cobertura-2.1.1/lib/slf4j-api-1.7.5.jar:/usr/share/java/ant-launcher-1.8.2.jar:/usr/share/ant/lib/ant.jar:/usr/share/ant/lib/ant-junit.jar:/usr/share/ant/lib/ant-junit4.jar" />
    <property name="java.vm.specification.version" value="1.7" />
    <property name="sun.java.command" value="org.apache.tools.ant.taskdefs.optional.junit.JUnitTestRunner testsfile=/vagrant/IdeaProjects/BibliotecaVersion1/junittestcases3679241070080407749.properties filtertrace=true haltOnError=false haltOnFailure=true formatter=org.apache.tools.ant.taskdefs.optional.junit.SummaryJUnitResultFormatter showoutput=false outputtoformatters=true logfailedtests=true logtestlistenerevents=false formatter=org.apache.tools.ant.taskdefs.optional.junit.XMLJUnitResultFormatter,/vagrant/IdeaProjects/BibliotecaVersion1/reports/IGNORETHIS.xml crashfile=/vagrant/IdeaProjects/BibliotecaVersion1/junitvmwatcher8609602940118920691.properties propsfile=/vagrant/IdeaProjects/BibliotecaVersion1/junit223095897259683439.properties" />
    <property name="java.home" value="/usr/lib/jvm/java-7-openjdk-amd64/jre" />
    <property name="sun.arch.data.model" value="64" />
    <property name="java.specification.vendor" value="Oracle Corporation" />
    <property name="user.language" value="en" />
    <property name="main.name" value="Application" />
    <property name="ant.file.Biblioteca" value="/vagrant/IdeaProjects/BibliotecaVersion1/build.xml" />
    <property name="awt.toolkit" value="sun.awt.X11.XToolkit" />
    <property name="java.vm.info" value="mixed mode" />
    <property name="java.version" value="1.7.0_79" />
    <property name="java.ext.dirs" value="/usr/lib/jvm/java-7-openjdk-amd64/jre/lib/ext:/usr/java/packages/lib/ext" />
    <property name="sun.boot.class.path" value="/usr/lib/jvm/java-7-openjdk-amd64/jre/lib/resources.jar:/usr/lib/jvm/java-7-openjdk-amd64/jre/lib/rt.jar:/usr/lib/jvm/java-7-openjdk-amd64/jre/lib/sunrsasign.jar:/usr/lib/jvm/java-7-openjdk-amd64/jre/lib/jsse.jar:/usr/lib/jvm/java-7-openjdk-amd64/jre/lib/jce.jar:/usr/lib/jvm/java-7-openjdk-amd64/jre/lib/charsets.jar:/usr/lib/jvm/java-7-openjdk-amd64/jre/lib/rhino.jar:/usr/lib/jvm/java-7-openjdk-amd64/jre/lib/jfr.jar:/usr/lib/jvm/java-7-openjdk-amd64/jre/classes" />
    <property name="java.vendor" value="Oracle Corporation" />
    <property name="file.separator" value="/" />
    <property name="java.vendor.url.bug" value="http://bugreport.sun.com/bugreport/" />
    <property name="sun.cpu.endian" value="little" />
    <property name="sun.io.unicode.encoding" value="UnicodeLittle" />
    <property name="ant.file.type" value="file" />
    <property name="sun.cpu.isalist" value="" />
  </properties>
  <testcase classname="com.tw.biblioteca.ApplicationTest" name="shouldPrintWelcomeMessage" time="0.729">
    <failure message="expected:&lt;[]Welcome to Bibliotec...&gt; but was:&lt;[11:28:32,994 |-INFO in ch.qos.logback.classic.LoggerContext[default] - Could NOT find resource [logback.groovy]&#xa;11:28:32,995 |-INFO in ch.qos.logback.classic.LoggerContext[default] - Could NOT find resource [logback-test.xml]&#xa;11:28:32,996 |-INFO in ch.qos.logback.classic.LoggerContext[default] - Found resource [logback.xml] at [jar:file:/vagrant/IdeaProjects/BibliotecaVersion1/lib/cobertura-2.1.1/cobertura-2.1.1-sources.jar!/logback.xml]&#xa;11:28:32,999 |-WARN in ch.qos.logback.classic.LoggerContext[default] - Resource [logback.xml] occurs multiple times on the classpath.&#xa;11:28:33,000 |-WARN in ch.qos.logback.classic.LoggerContext[default] - Resource [logback.xml] occurs at [jar:file:/vagrant/IdeaProjects/BibliotecaVersion1/lib/cobertura-2.1.1/cobertura-2.1.1.jar!/logback.xml]&#xa;11:28:33,000 |-WARN in ch.qos.logback.classic.LoggerContext[default] - Resource [logback.xml] occurs at [jar:file:/vagrant/IdeaProjects/BibliotecaVersion1/lib/cobertura-2.1.1/cobertura-2.1.1-sources.jar!/logback.xml]&#xa;11:28:33,073 |-INFO in ch.qos.logback.core.joran.spi.ConfigurationWatchList@7ba516d8 - URL [jar:file:/vagrant/IdeaProjects/BibliotecaVersion1/lib/cobertura-2.1.1/cobertura-2.1.1-sources.jar!/logback.xml] is not of type file&#xa;11:28:33,207 |-INFO in ch.qos.logback.classic.joran.action.ConfigurationAction - debug attribute not set&#xa;11:28:33,213 |-INFO in ch.qos.logback.core.joran.action.AppenderAction - About to instantiate appender of type [ch.qos.logback.core.ConsoleAppender]&#xa;11:28:33,248 |-INFO in ch.qos.logback.core.joran.action.AppenderAction - Naming appender as [STDOUT]&#xa;11:28:33,317 |-INFO in ch.qos.logback.core.joran.action.NestedComplexPropertyIA - Assuming default type [ch.qos.logback.classic.encoder.PatternLayoutEncoder] for [encoder] property&#xa;11:28:33,528 |-INFO in ch.qos.logback.classic.joran.action.LoggerAction - Setting level of logger [net.sourceforge.cobertura] to INFO&#xa;11:28:33,528 |-INFO in ch.qos.logback.classic.joran.action.RootLoggerAction - Setting level of ROOT logger to DEBUG&#xa;11:28:33,528 |-INFO in ch.qos.logback.core.joran.action.AppenderRefAction - Attaching appender named [STDOUT] to Logger[ROOT]&#xa;11:28:33,530 |-INFO in ch.qos.logback.classic.joran.action.ConfigurationAction - End of configuration.&#xa;11:28:33,533 |-INFO in ch.qos.logback.classic.joran.JoranConfigurator@137efe53 - Registering current configuration as safe fallback point&#xa;&#xa;]Welcome to Bibliotec...&gt;" type="junit.framework.AssertionFailedError">junit.framework.AssertionFailedError: expected:&lt;[]Welcome to Bibliotec...&gt; but was:&lt;[11:28:32,994 |-INFO in ch.qos.logback.classic.LoggerContext[default] - Could NOT find resource [logback.groovy]
11:28:32,995 |-INFO in ch.qos.logback.classic.LoggerContext[default] - Could NOT find resource [logback-test.xml]
11:28:32,996 |-INFO in ch.qos.logback.classic.LoggerContext[default] - Found resource [logback.xml] at [jar:file:/vagrant/IdeaProjects/BibliotecaVersion1/lib/cobertura-2.1.1/cobertura-2.1.1-sources.jar!/logback.xml]
11:28:32,999 |-WARN in ch.qos.logback.classic.LoggerContext[default] - Resource [logback.xml] occurs multiple times on the classpath.
11:28:33,000 |-WARN in ch.qos.logback.classic.LoggerContext[default] - Resource [logback.xml] occurs at [jar:file:/vagrant/IdeaProjects/BibliotecaVersion1/lib/cobertura-2.1.1/cobertura-2.1.1.jar!/logback.xml]
11:28:33,000 |-WARN in ch.qos.logback.classic.LoggerContext[default] - Resource [logback.xml] occurs at [jar:file:/vagrant/IdeaProjects/BibliotecaVersion1/lib/cobertura-2.1.1/cobertura-2.1.1-sources.jar!/logback.xml]
11:28:33,073 |-INFO in ch.qos.logback.core.joran.spi.ConfigurationWatchList@7ba516d8 - URL [jar:file:/vagrant/IdeaProjects/BibliotecaVersion1/lib/cobertura-2.1.1/cobertura-2.1.1-sources.jar!/logback.xml] is not of type file
11:28:33,207 |-INFO in ch.qos.logback.classic.joran.action.ConfigurationAction - debug attribute not set
11:28:33,213 |-INFO in ch.qos.logback.core.joran.action.AppenderAction - About to instantiate appender of type [ch.qos.logback.core.ConsoleAppender]
11:28:33,248 |-INFO in ch.qos.logback.core.joran.action.AppenderAction - Naming appender as [STDOUT]
11:28:33,317 |-INFO in ch.qos.logback.core.joran.action.NestedComplexPropertyIA - Assuming default type [ch.qos.logback.classic.encoder.PatternLayoutEncoder] for [encoder] property
11:28:33,528 |-INFO in ch.qos.logback.classic.joran.action.LoggerAction - Setting level of logger [net.sourceforge.cobertura] to INFO
11:28:33,528 |-INFO in ch.qos.logback.classic.joran.action.RootLoggerAction - Setting level of ROOT logger to DEBUG
11:28:33,528 |-INFO in ch.qos.logback.core.joran.action.AppenderRefAction - Attaching appender named [STDOUT] to Logger[ROOT]
11:28:33,530 |-INFO in ch.qos.logback.classic.joran.action.ConfigurationAction - End of configuration.
11:28:33,533 |-INFO in ch.qos.logback.classic.joran.JoranConfigurator@137efe53 - Registering current configuration as safe fallback point

]Welcome to Bibliotec...&gt;
	at com.tw.biblioteca.ApplicationTest.shouldPrintWelcomeMessage(ApplicationTest.java:20)
</failure>
  </testcase>
  <system-out><![CDATA[]]></system-out>
  <system-err><![CDATA[]]></system-err>
</testsuite>
